Crashlog created at 2023-05-22 12:25:19 -0300

===== MESSAGE:

[1m[31mOpenSSL::SSL::SSLError: SSL_connect returned=1 errno=0 peeraddr=192.168.130.11:443 state=error: certificate verify failed (self-signed certificate in certificate chain)[0m

===== BACKTRACE:

/usr/share/ruby/net/protocol.rb:46:in `connect_nonblock'
/usr/share/ruby/net/protocol.rb:46:in `ssl_socket_connect'
/usr/share/ruby/net/http.rb:1342:in `connect'
/usr/share/ruby/net/http.rb:1248:in `do_start'
/usr/share/ruby/net/http.rb:1243:in `start'
/home/rfelix/.local/share/gem/ruby/gems/3scale-api-1.6.0/lib/3scale/api/http_client.rb:38:in `get'
/home/rfelix/.local/share/gem/ruby/gems/3scale-api-1.6.0/lib/3scale/api/client.rb:26:in `list_services'
/home/rfelix/.local/share/gem/ruby/gems/3scale_toolbox-0.20.0/lib/3scale_toolbox/remote_cache.rb:186:in `public_send'
/home/rfelix/.local/share/gem/ruby/gems/3scale_toolbox-0.20.0/lib/3scale_toolbox/remote_cache.rb:186:in `method_missing'
/home/rfelix/.local/share/gem/ruby/gems/3scale_toolbox-0.20.0/lib/3scale_toolbox/entities/service.rb:70:in `block (2 levels) in services_enum'
/home/rfelix/.local/share/gem/ruby/gems/3scale_toolbox-0.20.0/lib/3scale_toolbox/entities/service.rb:69:in `loop'
/home/rfelix/.local/share/gem/ruby/gems/3scale_toolbox-0.20.0/lib/3scale_toolbox/entities/service.rb:69:in `block in services_enum'
/home/rfelix/.local/share/gem/ruby/gems/3scale_toolbox-0.20.0/lib/3scale_toolbox/entities/service.rb:63:in `each'
/home/rfelix/.local/share/gem/ruby/gems/3scale_toolbox-0.20.0/lib/3scale_toolbox/entities/service.rb:63:in `each'
/home/rfelix/.local/share/gem/ruby/gems/3scale_toolbox-0.20.0/lib/3scale_toolbox/entities/service.rb:63:in `reduce'
/home/rfelix/.local/share/gem/ruby/gems/3scale_toolbox-0.20.0/lib/3scale_toolbox/entities/service.rb:63:in `list_services'
/home/rfelix/.local/share/gem/ruby/gems/3scale_toolbox-0.20.0/lib/3scale_toolbox/entities/service.rb:33:in `find_by_system_name'
/home/rfelix/.local/share/gem/ruby/gems/3scale_toolbox-0.20.0/lib/3scale_toolbox/commands/import_command/openapi/create_service_step.rb:13:in `call'
/home/rfelix/.local/share/gem/ruby/gems/3scale_toolbox-0.20.0/lib/3scale_toolbox/commands/import_command/openapi/import_product_step.rb:21:in `each'
/home/rfelix/.local/share/gem/ruby/gems/3scale_toolbox-0.20.0/lib/3scale_toolbox/commands/import_command/openapi/import_product_step.rb:21:in `call'
/home/rfelix/.local/share/gem/ruby/gems/3scale_toolbox-0.20.0/lib/3scale_toolbox/commands/import_command/openapi.rb:61:in `run'
/home/rfelix/.local/share/gem/ruby/gems/cri-2.15.11/lib/cri/command_runner.rb:34:in `call'
/home/rfelix/.local/share/gem/ruby/gems/cri-2.15.11/lib/cri/command_dsl.rb:294:in `block in runner'
/home/rfelix/.local/share/gem/ruby/gems/cri-2.15.11/lib/cri/command.rb:362:in `run_this'
/home/rfelix/.local/share/gem/ruby/gems/cri-2.15.11/lib/cri/command.rb:298:in `run'
/home/rfelix/.local/share/gem/ruby/gems/cri-2.15.11/lib/cri/command.rb:316:in `run'
/home/rfelix/.local/share/gem/ruby/gems/cri-2.15.11/lib/cri/command.rb:316:in `run'
/home/rfelix/.local/share/gem/ruby/gems/3scale_toolbox-0.20.0/lib/3scale_toolbox/cli.rb:48:in `block in run'
/home/rfelix/.local/share/gem/ruby/gems/3scale_toolbox-0.20.0/lib/3scale_toolbox/cli/error_handler.rb:5:in `block in error_watchdog'
/home/rfelix/.local/share/gem/ruby/gems/3scale_toolbox-0.20.0/lib/3scale_toolbox/cli/error_handler.rb:11:in `error_watchdog'
/home/rfelix/.local/share/gem/ruby/gems/3scale_toolbox-0.20.0/lib/3scale_toolbox/cli/error_handler.rb:5:in `error_watchdog'
/home/rfelix/.local/share/gem/ruby/gems/3scale_toolbox-0.20.0/lib/3scale_toolbox/cli.rb:45:in `run'
/home/rfelix/.local/share/gem/ruby/gems/3scale_toolbox-0.20.0/exe/3scale:15:in `<top (required)>'
/home/rfelix/bin/3scale:25:in `load'
/home/rfelix/bin/3scale:25:in `<main>'

===== VERSION INFORMATION:

0.20.0

===== SYSTEM INFORMATION:

{"sysname":"Linux","nodename":"rfelix","release":"6.2.12-300.fc38.x86_64","version":"#1 SMP PREEMPT_DYNAMIC Thu Apr 20 23:05:25 UTC 2023","machine":"x86_64"}

===== INSTALLED GEMS:

  3scale-api 1.6.0
  3scale_toolbox 0.20.0
  abbrev 0.1.1
  activesupport 6.1.7.3
  addressable 2.8.4
  base64 0.1.1
  benchmark 0.2.1
  bigdecimal 3.1.3
  builder 3.2.4
  bundler 2.4.10
  cgi 0.3.6
  concurrent-ruby 1.2.2
  cri 2.15.11
  csv 3.2.6
  date 3.3.3
  deep_merge 1.2.2
  delegate 0.3.0
  did_you_mean 1.6.3
  digest 3.1.1
  drb 2.1.1
  english 0.7.2
  erb 4.0.2
  error_highlight 0.5.1
  etc 1.4.2
  fcntl 1.0.2
  fiddle 1.1.1
  fileutils 1.7.0
  find 0.1.1
  forwardable 1.3.3
  getoptlong 0.2.0
  hansi 0.2.1
  hash-deep-merge 0.1.1
  i18n 1.13.0
  io-console 0.6.0
  io-nonblock 0.2.0
  io-wait 0.3.0
  ipaddr 1.2.5
  json 2.6.3
  json-schema 2.8.1
  logger 1.5.3
  minitest 5.18.0
  mustermann 1.1.2
  mustermann-contrib 1.1.2
  mutex_m 0.1.2
  net-http 0.3.2
  net-protocol 0.2.1
  nkf 0.1.2
  nokogiri 1.15.1
  oas_parser 0.25.4
  observer 0.1.1
  open-uri 0.3.0
  open3 0.1.2
  openssl 3.1.0
  optparse 0.3.1
  ostruct 0.5.5
  pathname 0.2.1
  pp 0.4.0
  prettyprint 0.1.1
  pstore 0.1.2
  psych 5.0.1
  public_suffix 5.0.1
  racc 1.6.2
  rdoc 6.5.0
  readline 0.0.3
  readline-ext 0.1.5
  reline 0.3.2
  resolv 0.2.2
  resolv-replace 0.1.1
  rinda 0.1.1
  ruby2_keywords 0.0.5
  securerandom 0.2.2
  set 1.0.3
  shellwords 0.1.0
  singleton 0.1.1
  stringio 3.0.4
  strscan 3.0.5
  syntax_suggest 1.0.2
  syslog 0.1.1
  tempfile 0.1.3
  time 0.2.2
  timeout 0.3.1
  tmpdir 0.1.3
  tsort 0.1.1
  tzinfo 2.0.6
  un 0.2.1
  uri 0.12.1
  weakref 0.1.2
  yaml 0.2.1
  zeitwerk 2.6.8
  zlib 3.0.0

===== LOAD PATHS:

  0. /home/rfelix/.local/share/gem/ruby/gems/3scale-api-1.6.0/lib
  1. /home/rfelix/.local/share/gem/ruby/gems/cri-2.15.11/lib
  2. /home/rfelix/.local/share/gem/ruby/gems/public_suffix-5.0.1/lib
  3. /home/rfelix/.local/share/gem/ruby/gems/addressable-2.8.4/lib
  4. /home/rfelix/.local/share/gem/ruby/gems/json-schema-2.8.1/lib
  5. /home/rfelix/.local/share/gem/ruby/gems/deep_merge-1.2.2/lib
  6. /home/rfelix/.local/share/gem/ruby/gems/concurrent-ruby-1.2.2/lib/concurrent-ruby
  7. /home/rfelix/.local/share/gem/ruby/gems/i18n-1.13.0/lib
  8. /home/rfelix/.local/share/gem/ruby/gems/tzinfo-2.0.6/lib
  9. /home/rfelix/.local/share/gem/ruby/gems/zeitwerk-2.6.8/lib
  10. /home/rfelix/.local/share/gem/ruby/gems/minitest-5.18.0/lib
  11. /home/rfelix/.local/share/gem/ruby/gems/activesupport-6.1.7.3/lib
  12. /home/rfelix/.local/share/gem/ruby/gems/builder-3.2.4/lib
  13. /home/rfelix/.local/share/gem/ruby/gems/mustermann-1.1.2/lib
  14. /home/rfelix/.local/share/gem/ruby/gems/hansi-0.2.1/lib
  15. /home/rfelix/.local/share/gem/ruby/gems/mustermann-contrib-1.1.2/lib
  16. /home/rfelix/.local/share/gem/ruby/gems/nokogiri-1.15.1-x86_64-linux/lib
  17. /home/rfelix/.local/share/gem/ruby/gems/hash-deep-merge-0.1.1/lib
  18. /home/rfelix/.local/share/gem/ruby/gems/oas_parser-0.25.4/lib
  19. /home/rfelix/.local/share/gem/ruby/gems/3scale_toolbox-0.20.0/lib
  20. /usr/local/share/ruby/site_ruby
  21. /usr/local/lib64/ruby/site_ruby
  22. /usr/share/ruby/vendor_ruby
  23. /usr/lib64/ruby/vendor_ruby
  24. /usr/share/rubygems
  25. /usr/share/ruby
  26. /usr/lib64/ruby
